<?xml version="1.0" encoding="UTF-8"?>
<!-- Generated by org.testng.reporters.JUnitXMLReporter -->
<testsuite ignored="0" hostname="RAM" failures="0" tests="4" name="Test" time="113.474" errors="0" timestamp="02 Feb 2022 17:39:00 GMT">
  <testcase classname="tests.LoginTest" name="loginWithWrongEmailPasswordTest" time="8.193"/>
  <testcase classname="tests.LoginTest" name="loginWithEmptyEmail" time="7.275"/>
  <testcase classname="tests.LoginTest" name="loginWithEmptyPassword" time="10.278"/>
  <testcase classname="tests.LoginTest" name="loginWithSpecialCharacters" time="6.731"/>
</testsuite> <!-- Test -->
