<?xml version="1.0" encoding="UTF-8"?>
<testng-results ignored="0" total="4" passed="4" failed="0" skipped="0">
  <reporter-output>
  </reporter-output>
  <suite started-at="2022-02-02T17:37:07Z" name="Suite" finished-at="2022-02-02T17:39:00Z" duration-ms="113474">
    <groups>
    </groups>
    <test started-at="2022-02-02T17:37:07Z" name="Test" finished-at="2022-02-02T17:39:00Z" duration-ms="113474">
      <class name="tests.LoginTest">
        <test-method is-config="true" signature="beforeMethod()[pri:0, instance:tests.LoginTest@68df9280]" started-at="2022-02-02T17:37:07Z" name="beforeMethod" finished-at="2022-02-02T17:37:31Z" duration-ms="24242" status="PASS">
          <reporter-output>
          </reporter-output>
        </test-method> <!-- beforeMethod -->
        <test-method signature="loginWithWrongEmailPasswordTest()[pri:1, instance:tests.LoginTest@68df9280]" started-at="2022-02-02T17:37:31Z" name="loginWithWrongEmailPasswordTest" finished-at="2022-02-02T17:37:39Z" duration-ms="8193" status="PASS">
          <reporter-output>
          </reporter-output>
        </test-method> <!-- loginWithWrongEmailPasswordTest -->
        <test-method is-config="true" signature="afterMethod()[pri:0, instance:tests.LoginTest@68df9280]" started-at="2022-02-02T17:37:39Z" name="afterMethod" finished-at="2022-02-02T17:37:41Z" duration-ms="1885" status="PASS">
          <reporter-output>
          </reporter-output>
        </test-method> <!-- afterMethod -->
        <test-method is-config="true" signature="beforeMethod()[pri:0, instance:tests.LoginTest@68df9280]" started-at="2022-02-02T17:37:41Z" name="beforeMethod" finished-at="2022-02-02T17:37:56Z" duration-ms="15098" status="PASS">
          <reporter-output>
          </reporter-output>
        </test-method> <!-- beforeMethod -->
        <test-method signature="loginWithEmptyEmail()[pri:2, instance:tests.LoginTest@68df9280]" started-at="2022-02-02T17:37:56Z" name="loginWithEmptyEmail" finished-at="2022-02-02T17:38:03Z" duration-ms="7275" status="PASS">
          <reporter-output>
          </reporter-output>
        </test-method> <!-- loginWithEmptyEmail -->
        <test-method is-config="true" signature="afterMethod()[pri:0, instance:tests.LoginTest@68df9280]" started-at="2022-02-02T17:38:03Z" name="afterMethod" finished-at="2022-02-02T17:38:05Z" duration-ms="1897" status="PASS">
          <reporter-output>
          </reporter-output>
        </test-method> <!-- afterMethod -->
        <test-method is-config="true" signature="beforeMethod()[pri:0, instance:tests.LoginTest@68df9280]" started-at="2022-02-02T17:38:05Z" name="beforeMethod" finished-at="2022-02-02T17:38:23Z" duration-ms="17524" status="PASS">
          <reporter-output>
          </reporter-output>
        </test-method> <!-- beforeMethod -->
        <test-method signature="loginWithEmptyPassword()[pri:3, instance:tests.LoginTest@68df9280]" started-at="2022-02-02T17:38:23Z" name="loginWithEmptyPassword" finished-at="2022-02-02T17:38:33Z" duration-ms="10278" status="PASS">
          <reporter-output>
          </reporter-output>
        </test-method> <!-- loginWithEmptyPassword -->
        <test-method is-config="true" signature="afterMethod()[pri:0, instance:tests.LoginTest@68df9280]" started-at="2022-02-02T17:38:33Z" name="afterMethod" finished-at="2022-02-02T17:38:38Z" duration-ms="5028" status="PASS">
          <reporter-output>
          </reporter-output>
        </test-method> <!-- afterMethod -->
        <test-method is-config="true" signature="beforeMethod()[pri:0, instance:tests.LoginTest@68df9280]" started-at="2022-02-02T17:38:38Z" name="beforeMethod" finished-at="2022-02-02T17:38:51Z" duration-ms="13051" status="PASS">
          <reporter-output>
          </reporter-output>
        </test-method> <!-- beforeMethod -->
        <test-method signature="loginWithSpecialCharacters()[pri:4, instance:tests.LoginTest@68df9280]" started-at="2022-02-02T17:38:51Z" name="loginWithSpecialCharacters" finished-at="2022-02-02T17:38:58Z" duration-ms="6731" status="PASS">
          <reporter-output>
          </reporter-output>
        </test-method> <!-- loginWithSpecialCharacters -->
        <test-method is-config="true" signature="afterMethod()[pri:0, instance:tests.LoginTest@68df9280]" started-at="2022-02-02T17:38:58Z" name="afterMethod" finished-at="2022-02-02T17:39:00Z" duration-ms="2249" status="PASS">
          <reporter-output>
          </reporter-output>
        </test-method> <!-- afterMethod -->
      </class> <!-- tests.LoginTest -->
    </test> <!-- Test -->
  </suite> <!-- Suite -->
</testng-results>
